<?xml version="1.0" encoding="UTF-8"?>
<testsuite xmlns:xsi="http://www.w3.org/2001/XMLSchema-instance" xsi:noNamespaceSchemaLocation="https://maven.apache.org/surefire/maven-surefire-plugin/xsd/surefire-test-report.xsd" name="me.seung.demowebmvc.SampleControllerTest" time="1.92" tests="2" errors="0" skipped="0" failures="2">
  <properties>
[...]
</properties>
  <testcase name="eventTest" classname="me.seung.demowebmvc.SampleControllerTest" time="0.147">
    <failure message="Status expected:&lt;200&gt; but was:&lt;404&gt;" type="java.lang.AssertionError"><![CDATA[java.lang.AssertionError: Status expected:<200> but was:<404>
	at me.seung.demowebmvc.SampleControllerTest.eventTest(SampleControllerTest.java:23)
]]></failure>
    <system-out><![CDATA[2020-05-17 13:21:56.932  INFO 448 --- [           main] .b.t.a.w.s.WebMvcTestContextBootstrapper : Neither @ContextConfiguration nor @ContextHierarchy found for test class [me.seung.demowebmvc.SampleControllerTest], using SpringBootContextLoader
2020-05-17 13:21:56.933  INFO 448 --- [           main] o.s.t.c.support.AbstractContextLoader    : Could not detect default resource locations for test class [me.seung.demowebmvc.SampleControllerTest]: no resource found for suffixes {-context.xml, Context.groovy}.
2020-05-17 13:21:56.933  INFO 448 --- [           main] t.c.s.AnnotationConfigContextLoaderUtils : Could not detect default configuration classes for test class [me.seung.demowebmvc.SampleControllerTest]: SampleControllerTest does not declare any static, non-private, non-final, nested classes annotated with @Configuration.
2020-05-17 13:21:56.952  INFO 448 --- [           main] .b.t.c.SpringBootTestContextBootstrapper : Found @SpringBootConfiguration me.seung.demowebmvc.DemoWebMvcApplication for test class me.seung.demowebmvc.SampleControllerTest
2020-05-17 13:21:56.953  INFO 448 --- [           main] .b.t.a.w.s.WebMvcTestContextBootstrapper : Loaded default TestExecutionListener class names from location [META-INF/spring.factories]: [org.springframework.boot.test.mock.mockito.MockitoTestExecutionListener, org.springframework.boot.test.mock.mockito.ResetMocksTestExecutionListener, org.springframework.boot.test.autoconfigure.restdocs.RestDocsTestExecutionListener, org.springframework.boot.test.autoconfigure.web.client.MockRestServiceServerResetTestExecutionListener, org.springframework.boot.test.autoconfigure.web.servlet.MockMvcPrintOnlyOnFailureTestExecutionListener, org.springframework.boot.test.autoconfigure.web.servlet.WebDriverTestExecutionListener, org.springframework.test.context.web.ServletTestExecutionListener, org.springframework.test.context.support.DirtiesContextBeforeModesTestExecutionListener, org.springframework.test.context.support.DependencyInjectionTestExecutionListener, org.springframework.test.context.support.DirtiesContextTestExecutionListener, org.springframework.test.context.transaction.TransactionalTestExecutionListener, org.springframework.test.context.jdbc.SqlScriptsTestExecutionListener, org.springframework.test.context.event.EventPublishingTestExecutionListener]
2020-05-17 13:21:56.955  INFO 448 --- [           main] .b.t.a.w.s.WebMvcTestContextBootstrapper : Using TestExecutionListeners: [org.springframework.test.context.web.ServletTestExecutionListener@437bd805, org.springframework.test.context.support.DirtiesContextBeforeModesTestExecutionListener@4b88ca8e, org.springframework.boot.test.mock.mockito.MockitoTestExecutionListener@6fa02932, org.springframework.boot.test.autoconfigure.SpringBootDependencyInjectionTestExecutionListener@61608e1a, org.springframework.test.context.support.DirtiesContextTestExecutionListener@7c46c9c3, org.springframework.test.context.event.EventPublishingTestExecutionListener@7197b07f, org.springframework.boot.test.mock.mockito.ResetMocksTestExecutionListener@1f10fec6, org.springframework.boot.test.autoconfigure.restdocs.RestDocsTestExecutionListener@7a65a360, org.springframework.boot.test.autoconfigure.web.client.MockRestServiceServerResetTestExecutionListener@30a7653e, org.springframework.boot.test.autoconfigure.web.servlet.MockMvcPrintOnlyOnFailureTestExecutionListener@7cff3f1d, org.springframework.boot.test.autoconfigure.web.servlet.WebDriverTestExecutionListener@6401188a]

  .   ____          _            __ _ _
 /\\ / ___'_ __ _ _(_)_ __  __ _ \ \ \ \
( ( )\___ | '_ | '_| | '_ \/ _` | \ \ \ \
 \\/  ___)| |_)| | | | | || (_| |  ) ) ) )
  '  |____| .__|_| |_|_| |_\__, | / / / /
 =========|_|==============|___/=/_/_/_/
 :: Spring Boot ::        (v2.2.6.RELEASE)

2020-05-17 13:21:57.021  INFO 448 --- [           main] m.seung.demowebmvc.SampleControllerTest  : Starting SampleControllerTest on DESKTOP-2HBTN92 with PID 448 (started by Douceur in C:\Users\Douceur\IdeaProjects\demo-web-mvc)
2020-05-17 13:21:57.023  INFO 448 --- [           main] m.seung.demowebmvc.SampleControllerTest  : No active profile set, falling back to default profiles: default
2020-05-17 13:21:57.815  INFO 448 --- [           main] o.s.s.concurrent.ThreadPoolTaskExecutor  : Initializing ExecutorService 'applicationTaskExecutor'
2020-05-17 13:21:58.515  INFO 448 --- [           main] o.s.b.t.m.w.SpringBootMockServletContext : Initializing Spring TestDispatcherServlet ''
2020-05-17 13:21:58.515  INFO 448 --- [           main] o.s.t.web.servlet.TestDispatcherServlet  : Initializing Servlet ''
2020-05-17 13:21:58.545  INFO 448 --- [           main] o.s.t.web.servlet.TestDispatcherServlet  : Completed initialization in 30 ms
2020-05-17 13:21:58.569  INFO 448 --- [           main] m.seung.demowebmvc.SampleControllerTest  : Started SampleControllerTest in 1.611 seconds (JVM running for 7.624)

MockHttpServletRequest:
      HTTP Method = GET
      Request URI = /templates/events/123
       Parameters = {}
          Headers = []
             Body = <no character encoding set>
    Session Attrs = {}

Handler:
             Type = org.springframework.web.servlet.resource.ResourceHttpRequestHandler

Async:
    Async started = false
     Async result = null

Resolved Exception:
             Type = null

ModelAndView:
        View name = null
             View = null
            Model = null

FlashMap:
       Attributes = null

MockHttpServletResponse:
           Status = 404
    Error message = null
          Headers = [Vary:"Origin", "Access-Control-Request-Method", "Access-Control-Request-Headers"]
     Content type = null
             Body = 
    Forwarded URL = null
   Redirected URL = null
          Cookies = []

MockHttpServletRequest:
      HTTP Method = GET
      Request URI = /templates/events/123
       Parameters = {}
          Headers = []
             Body = <no character encoding set>
    Session Attrs = {}

Handler:
             Type = org.springframework.web.servlet.resource.ResourceHttpRequestHandler

Async:
    Async started = false
     Async result = null

Resolved Exception:
             Type = null

ModelAndView:
        View name = null
             View = null
            Model = null

FlashMap:
       Attributes = null

MockHttpServletResponse:
           Status = 404
    Error message = null
          Headers = [Vary:"Origin", "Access-Control-Request-Method", "Access-Control-Request-Headers"]
     Content type = null
             Body = 
    Forwarded URL = null
   Redirected URL = null
          Cookies = []
]]></system-out>
  </testcase>
  <testcase name="eventTest2" classname="me.seung.demowebmvc.SampleControllerTest" time="0.158">
    <failure message="Status expected:&lt;200&gt; but was:&lt;500&gt;" type="java.lang.AssertionError"><![CDATA[java.lang.AssertionError: Status expected:<200> but was:<500>
	at me.seung.demowebmvc.SampleControllerTest.eventTest2(SampleControllerTest.java:33)
]]></failure>
    <system-out><![CDATA[2020-05-17 13:21:58.863  WARN 448 --- [           main] .w.s.m.s.DefaultHandlerExceptionResolver : Resolved [org.springframework.http.converter.HttpMessageNotWritableException: Could not write JSON: (was java.lang.NullPointerException); nested exception is com.fasterxml.jackson.databind.JsonMappingException: (was java.lang.NullPointerException) (through reference chain: me.seung.demowebmvc.Event["id"])]

MockHttpServletRequest:
      HTTP Method = POST
      Request URI = /events2
       Parameters = {name=[seung]}
          Headers = []
             Body = <no character encoding set>
    Session Attrs = {}

Handler:
             Type = me.seung.demowebmvc.SampleController
           Method = me.seung.demowebmvc.SampleController#getEvent2(String)

Async:
    Async started = false
     Async result = null

Resolved Exception:
             Type = org.springframework.http.converter.HttpMessageNotWritableException

ModelAndView:
        View name = null
             View = null
            Model = null

FlashMap:
       Attributes = null

MockHttpServletResponse:
           Status = 500
    Error message = null
          Headers = [Content-Type:"application/json"]
     Content type = application/json
             Body = 
    Forwarded URL = null
   Redirected URL = null
          Cookies = []

MockHttpServletRequest:
      HTTP Method = POST
      Request URI = /events2
       Parameters = {name=[seung]}
          Headers = []
             Body = <no character encoding set>
    Session Attrs = {}

Handler:
             Type = me.seung.demowebmvc.SampleController
           Method = me.seung.demowebmvc.SampleController#getEvent2(String)

Async:
    Async started = false
     Async result = null

Resolved Exception:
             Type = org.springframework.http.converter.HttpMessageNotWritableException

ModelAndView:
        View name = null
             View = null
            Model = null

FlashMap:
       Attributes = null

MockHttpServletResponse:
           Status = 500
    Error message = null
          Headers = [Content-Type:"application/json"]
     Content type = application/json
             Body = 
    Forwarded URL = null
   Redirected URL = null
          Cookies = []
]]></system-out>
  </testcase>
</testsuite>